<?xml version="1.0" encoding="UTF-8"?>
<testng-results skipped="0" failed="0" ignored="0" total="1" passed="1">
  <reporter-output>
  </reporter-output>
  <suite name="Default suite" duration-ms="6653" started-at="2019-03-05T22:03:09Z" finished-at="2019-03-05T22:03:16Z">
    <groups>
    </groups>
    <test name="Default test" duration-ms="6653" started-at="2019-03-05T22:03:09Z" finished-at="2019-03-05T22:03:16Z">
      <class name="testCases.TestCase001_verifyLogin">
        <test-method status="PASS" signature="setUp()[pri:0, instance:testCases.TestCase001_verifyLogin@8bd1b6a]" name="setUp" is-config="true" duration-ms="4994" started-at="2019-03-05T22:03:09Z" finished-at="2019-03-05T22:03:14Z">
          <reporter-output>
          </reporter-output>
        </test-method> <!-- setUp -->
        <test-method status="PASS" signature="verifyLogin()[pri:0, instance:testCases.TestCase001_verifyLogin@8bd1b6a]" name="verifyLogin" duration-ms="964" started-at="2019-03-05T22:03:14Z" finished-at="2019-03-05T22:03:15Z">
          <reporter-output>
          </reporter-output>
        </test-method> <!-- verifyLogin -->
        <test-method status="PASS" signature="tearDown()[pri:0, instance:testCases.TestCase001_verifyLogin@8bd1b6a]" name="tearDown" is-config="true" duration-ms="659" started-at="2019-03-05T22:03:15Z" finished-at="2019-03-05T22:03:16Z">
          <reporter-output>
          </reporter-output>
        </test-method> <!-- tearDown -->
      </class> <!-- testCases.TestCase001_verifyLogin -->
    </test> <!-- Default test -->
  </suite> <!-- Default suite -->
</testng-results>
